<?xml version="1.0" encoding="UTF-8"?>
<testng-results ignored="0" total="1" passed="0" failed="1" skipped="0">
  <reporter-output>
  </reporter-output>
  <suite started-at="2023-03-23T20:27:45 IST" name="Default suite" finished-at="2023-03-23T20:27:45 IST" duration-ms="709">
    <groups>
    </groups>
    <test started-at="2023-03-23T20:27:45 IST" name="Default test" finished-at="2023-03-23T20:27:45 IST" duration-ms="709">
      <class name="com.ice_hrm_automation.login.ExcelTest1">
        <test-method signature="test(double,java.lang.String,java.lang.String,java.lang.String,double,java.lang.String,double,java.lang.String)[pri:0, instance:com.ice_hrm_automation.login.ExcelTest1@409bf450]" started-at="2023-03-23T20:27:45 IST" name="test" data-provider="getTestData" finished-at="2023-03-23T20:27:45 IST" duration-ms="678" status="FAIL">
          <exception class="org.testng.internal.reflect.MethodMatcherException">
            <message>
              <![CDATA[
[public void com.ice_hrm_automation.login.ExcelTest1.test(double,java.lang.String,java.lang.String,java.lang.String,double,java.lang.String,double,java.lang.String)] has no parameters defined but was found to be using a data provider (either explicitly specified or inherited from class level annotation).
Data provider mismatch
Method: test([double arg0, java.lang.String arg1, java.lang.String arg2, java.lang.String arg3, double arg4, java.lang.String arg5, double arg6, java.lang.String arg7])
Arguments: [(com.ice_hrm_automation.login.EmpDetails) com.ice_hrm_automation.login.EmpDetails@12bfd80d,null,null,null,null,null,null,null]]]>
            </message>
            <full-stacktrace>
              <![CDATA[org.testng.internal.reflect.MethodMatcherException: 
[public void com.ice_hrm_automation.login.ExcelTest1.test(double,java.lang.String,java.lang.String,java.lang.String,double,java.lang.String,double,java.lang.String)] has no parameters defined but was found to be using a data provider (either explicitly specified or inherited from class level annotation).
Data provider mismatch
Method: test([double arg0, java.lang.String arg1, java.lang.String arg2, java.lang.String arg3, double arg4, java.lang.String arg5, double arg6, java.lang.String arg7])
Arguments: [(com.ice_hrm_automation.login.EmpDetails) com.ice_hrm_automation.login.EmpDetails@12bfd80d,null,null,null,null,null,null,null]
at org.testng.internal.reflect.DataProviderMethodMatcher.getConformingArguments(DataProviderMethodMatcher.java:46)
at org.testng.internal.Parameters.injectParameters(Parameters.java:909)
at org.testng.internal.invokers.MethodRunner.runInSequence(MethodRunner.java:37)
at org.testng.internal.invokers.TestInvoker$MethodInvocationAgent.invoke(TestInvoker.java:969)
at org.testng.internal.invokers.TestInvoker.invokeTestMethods(TestInvoker.java:194)
at org.testng.internal.invokers.TestMethodWorker.invokeTestMethods(TestMethodWorker.java:148)
at org.testng.internal.invokers.TestMethodWorker.run(TestMethodWorker.java:128)
at java.base/java.util.ArrayList.forEach(ArrayList.java:1511)
at org.testng.TestRunner.privateRun(TestRunner.java:829)
at org.testng.TestRunner.run(TestRunner.java:602)
at org.testng.SuiteRunner.runTest(SuiteRunner.java:437)
at org.testng.SuiteRunner.runSequentially(SuiteRunner.java:431)
at org.testng.SuiteRunner.privateRun(SuiteRunner.java:391)
at org.testng.SuiteRunner.run(SuiteRunner.java:330)
at org.testng.SuiteRunnerWorker.runSuite(SuiteRunnerWorker.java:52)
at org.testng.SuiteRunnerWorker.run(SuiteRunnerWorker.java:95)
at org.testng.TestNG.runSuitesSequentially(TestNG.java:1256)
at org.testng.TestNG.runSuitesLocally(TestNG.java:1176)
at org.testng.TestNG.runSuites(TestNG.java:1099)
at org.testng.TestNG.run(TestNG.java:1067)
at org.testng.remote.AbstractRemoteTestNG.run(AbstractRemoteTestNG.java:115)
at org.testng.remote.RemoteTestNG.initAndRun(RemoteTestNG.java:251)
at org.testng.remote.RemoteTestNG.main(RemoteTestNG.java:77)
]]>
            </full-stacktrace>
          </exception> <!-- org.testng.internal.reflect.MethodMatcherException -->
          <reporter-output>
          </reporter-output>
        </test-method> <!-- test -->
      </class> <!-- com.ice_hrm_automation.login.ExcelTest1 -->
    </test> <!-- Default test -->
  </suite> <!-- Default suite -->
</testng-results>
